Reference/CloudStoreIntegration/cloud_store_integration/build/app/outputs/mapping/release/seeds.txt
com.google.android.gms.internal.firebase-auth-api.zzeq
io.grpc.internal.DnsNameResolver$JdkAddressResolver: io.grpc.internal.DnsNameResolver$JdkAddressResolver[] values()
com.google.firestore.v1.DocumentChange: com.google.protobuf.Internal$IntList removedTargetIds_
com.google.android.gms.internal.firebase-auth-api.zzwl: android.os.Parcelable$Creator CREATOR
com.google.android.gms.internal.firebase-auth-api.zzjf: com.google.android.gms.internal.firebase-auth-api.zzjf zzb
io.flutter.view.AccessibilityViewEmbedder: android.view.accessibility.AccessibilityNodeInfo convertToFlutterNode(android.view.accessibility.AccessibilityNodeInfo,int,android.view.View)
com.google.common.util.concurrent.AbstractFuture$Waiter: com.google.common.util.concurrent.AbstractFuture$Waiter next
io.grpc.internal.ClientStreamListener$RpcProgress: io.grpc.internal.ClientStreamListener$RpcProgress[] values()
com.google.android.gms.internal.firebase-auth-api.zzgd
com.google.firestore.v1.ArrayValue: com.google.protobuf.Parser PARSER
io.flutter.embedding.engine.renderer.SurfaceTextureWrapper: void detachFromGLContext()
androidx.lifecycle.Lifecycle$Event: androidx.lifecycle.Lifecycle$Event[] values()
io.flutter.embedding.engine.FlutterJNI: void handlePlatformMessageResponse(int,java.nio.ByteBuffer)
com.google.firestore.v1.StructuredQuery: com.google.protobuf.Internal$ProtobufList orderBy_
androidx.lifecycle.ViewModel: ViewModel()
com.google.firestore.v1.ExistenceFilter: com.google.firestore.v1.ExistenceFilter DEFAULT_INSTANCE
com.google.firebase.firestore.util.AsyncQueue$TimerId: com.google.firebase.firestore.util.AsyncQueue$TimerId valueOf(java.lang.String)
com.google.firebase.firestore.core.UserData$Source: com.google.firebase.firestore.core.UserData$Source valueOf(java.lang.String)
android.support.v4.graphics.drawable.IconCompatParcelizer: androidx.core.graphics.drawable.IconCompat read(androidx.versionedparcelable.VersionedParcel)
com.google.firestore.v1.BatchGetDocumentsRequest: int DATABASE_FIELD_NUMBER
com.google.firestore.v1.WriteResponse: com.google.protobuf.Internal$ProtobufList writeResults_
io.grpc.stub.ClientCalls$StubType: io.grpc.stub.ClientCalls$StubType valueOf(java.lang.String)
com.google.android.gms.internal.firebase-auth-api.zzww: android.os.Parcelable$Creator CREATOR
io.flutter.embedding.engine.systemchannels.PlatformChannel$SystemUiOverlay: io.flutter.embedding.engine.systemchannels.PlatformChannel$SystemUiOverlay[] values()
com.google.firestore.v1.Value
com.google.gson.stream.JsonToken: com.google.gson.stream.JsonToken valueOf(java.lang.String)
com.google.firestore.v1.BatchGetDocumentsResponse: int READ_TIME_FIELD_NUMBER
io.flutter.embedding.engine.FlutterJNI: void setAsyncWaitForVsyncDelegate(io.flutter.embedding.engine.FlutterJNI$AsyncWaitForVsyncDelegate)
com.google.firestore.v1.Document: com.google.protobuf.Timestamp createTime_
com.google.firebase.components.ComponentDiscoveryService: ComponentDiscoveryService()
io.flutter.embedding.engine.FlutterJNI: void runBundleAndSnapshotFromLibrary(java.lang.String,java.lang.String,java.lang.String,android.content.res.AssetManager)
com.google.firestore.v1.Document: int UPDATE_TIME_FIELD_NUMBER
com.google.android.gms.common.util.DynamiteApi
io.flutter.embedding.engine.FlutterJNI: void onFirstFrame()
com.google.android.gms.location.LocationRequest: android.os.Parcelable$Creator CREATOR
com.google.firestore.v1.TransactionOptions$ReadWrite
androidx.fragment.app.FragmentManagerState: android.os.Parcelable$Creator CREATOR
com.google.firestore.v1.WriteResponse: int STREAM_ID_FIELD_NUMBER
com.google.firestore.v1.StructuredQuery: int offset_
com.google.android.gms.internal.firebase-auth-api.zzzw: int zzd
io.flutter.embedding.engine.FlutterJNI: io.flutter.embedding.engine.FlutterJNI spawn(java.lang.String,java.lang.String,java.lang.String)
com.google.android.gms.internal.firebase-auth-api.zzls: android.os.Parcelable$Creator CREATOR
com.google.protobuf.GeneratedMessageLite$ExtendableMessage