Reference/CloudStoreIntegration/cloud_store_integration/build/app/outputs/mapping/release/mapping.txt
# compiler: R8
# compiler_version: 2.1.62
# min_api: 21
# pg_map_id: b2de230
# common_typos_disable
...
com.google.firebase.firestore.local.Persistence -> com.google.firebase.firestore.z0.m2:
    java.lang.String TAG -> a
    boolean OVERLAY_SUPPORT_ENABLED -> b
    boolean INDEXING_SUPPORT_ENABLED -> c
    com.google.firebase.firestore.local.BundleCache getBundleCache() -> a
    com.google.firebase.firestore.local.IndexManager getIndexManager() -> b
    com.google.firebase.firestore.local.MutationQueue getMutationQueue(com.google.firebase.firestore.auth.User) -> c
    com.google.firebase.firestore.local.ReferenceDelegate getReferenceDelegate() -> d
    com.google.firebase.firestore.local.RemoteDocumentCache getRemoteDocumentCache() -> e
    com.google.firebase.firestore.local.TargetCache getTargetCache() -> f
    boolean isStarted() -> g
    java.lang.Object runTransaction(java.lang.String,com.google.firebase.firestore.util.Supplier) -> h
    void runTransaction(java.lang.String,java.lang.Runnable) -> i
    void shutdown() -> j
    void start() -> k
com.google.firebase.firestore.local.QueryEngine -> com.google.firebase.firestore.z0.n2:
    void setLocalDocumentsView(com.google.firebase.firestore.local.LocalDocumentsView) -> a
    com.google.firebase.database.collection.ImmutableSortedMap getDocumentsMatchingQuery(com.google.firebase.firestore.core.Query,com.google.firebase.firestore.model.SnapshotVersion,com.google.firebase.database.collection.ImmutableSortedSet) -> b
com.google.firebase.firestore.local.QueryPurpose -> com.google.firebase.firestore.z0.o2:
    com.google.firebase.firestore.local.QueryPurpose EXISTENCE_FILTER_MISMATCH -> d
    com.google.firebase.firestore.local.QueryPurpose[] $VALUES -> f
    com.google.firebase.firestore.local.QueryPurpose LIMBO_RESOLUTION -> e
    com.google.firebase.firestore.local.QueryPurpose LISTEN -> c
com.google.firebase.firestore.local.QueryResult -> com.google.firebase.firestore.z0.p2:
    com.google.firebase.database.collection.ImmutableSortedMap documents -> a
    com.google.firebase.database.collection.ImmutableSortedSet remoteKeys -> b
    com.google.firebase.database.collection.ImmutableSortedMap getDocuments() -> a
    com.google.firebase.database.collection.ImmutableSortedSet getRemoteKeys() -> b
com.google.firebase.firestore.local.ReferenceDelegate -> com.google.firebase.firestore.z0.q2:
    void addReference(com.google.firebase.firestore.model.DocumentKey) -> b
    void updateLimboDocument(com.google.firebase.firestore.model.DocumentKey) -> f
    void setInMemoryPins(com.google.firebase.firestore.local.ReferenceSet) -> h
    long getCurrentSequenceNumber() -> j
    void onTransactionCommitted() -> k
    void removeTarget(com.google.firebase.firestore.local.TargetData) -> l
    void onTransactionStarted() -> n
    void removeMutationReference(com.google.firebase.firestore.model.DocumentKey) -> o
    void removeReference(com.google.firebase.firestore.model.DocumentKey) -> p
com.google.firebase.firestore.local.ReferenceSet -> com.google.firebase.firestore.z0.r2:
    com.google.firebase.database.collection.ImmutableSortedSet referencesByKey -> a
    com.google.firebase.database.collection.ImmutableSortedSet referencesByTarget -> b
    void addReference(com.google.firebase.firestore.model.DocumentKey,int) -> a
    void addReferences(com.google.firebase.database.collection.ImmutableSortedSet,int) -> b
    boolean containsKey(com.google.firebase.firestore.model.DocumentKey) -> c
    com.google.firebase.database.collection.ImmutableSortedSet referencesForId(int) -> d
    void removeReference(com.google.firebase.firestore.local.DocumentReference) -> e
    void removeReference(com.google.firebase.firestore.model.DocumentKey,int) -> f
    void removeReferences(com.google.firebase.database.collection.ImmutableSortedSet,int) -> g
    com.google.firebase.database.collection.ImmutableSortedSet removeReferencesForId(int) -> h