Reference/CloudStoreIntegration/cloud_store_integration/build/app/outputs/mapping/release/usage.txt
androidx.core.view.NestedScrollingParentHelper
com.google.common.cache.RemovalListener
com.google.api.MetricDescriptor$MetricDescriptorMetadataOrBuilder
androidx.core.location.LocationManagerCompat$PreRGnssStatusTransport$3
androidx.core.view.accessibility.AccessibilityWindowInfoCompat
com.google.common.collect.ImmutableTable$SerializedForm
androidx.core.location.LocationManagerCompat
com.google.android.gms.common.internal.ServiceSpecificExtraArgs$CastExtraArgs
com.google.common.collect.Tables
com.google.android.gms.common.internal.zal
com.google.android.gms.common.api.internal.LifecycleCallback:
    public static com.google.android.gms.common.api.internal.LifecycleFragment getFragment(android.content.ContextWrapper)
    public android.app.Activity getActivity()
com.google.android.gms.maps.model.Polygon:
    public final java.util.List getPoints()
    public final java.util.List getHoles()
    public final float getStrokeWidth()
    public final int getStrokeColor()
    public final void setStrokeJointType(int)
    public final int getStrokeJointType()
    public final void setStrokePattern(java.util.List)
    public final java.util.List getStrokePattern()
    public final int getFillColor()
    public final float getZIndex()
    public final boolean isVisible()
    public final boolean isGeodesic()
    public final boolean isClickable()
    public final void setTag(java.lang.Object)
    public final java.lang.Object getTag()
io.flutter.embedding.android.FlutterActivity$CachedEngineIntentBuilder
com.google.firebase.firestore.model.mutation.MutationBatch:
    public static final int UNKNOWN
com.google.android.gms.internal.location.zzal:
    public final void zza(com.google.android.gms.internal.location.zzad)
com.google.android.gms.maps.model.StreetViewPanoramaOrientation
io.flutter.plugin.common.FlutterException:
    private static final java.lang.String TAG
io.grpc.BindableService
com.google.common.cache.LocalCache$EntryFactory$2
androidx.lifecycle.ViewModel:
    java.lang.Object setTagIfAbsent(java.lang.String,java.lang.Object)
    java.lang.Object getTag(java.lang.String)
androidx.annotation.RequiresApi
io.grpc.internal.Rescheduler:
    static boolean isEnabled(java.lang.Runnable)
com.google.firestore.v1.StructuredQuery$FieldReferenceOrBuilder
com.google.common.io.BaseEncoding:
    public static com.google.common.io.BaseEncoding base64Url()
    public static com.google.common.io.BaseEncoding base32()
    public static com.google.common.io.BaseEncoding base32Hex()
    public static com.google.common.io.BaseEncoding base16()
    static java.io.Reader ignoringReader(java.io.Reader,java.lang.String)
    static java.lang.Appendable separatingAppendable(java.lang.Appendable,java.lang.String,int)
    static java.io.Writer separatingWriter(java.io.Writer,java.lang.String,int)
    public abstract java.io.OutputStream encodingStream(java.io.Writer)
    public final com.google.common.io.ByteSink encodingSink(com.google.common.io.CharSink)
    public abstract boolean canDecode(java.lang.CharSequence)
    public abstract java.io.InputStream decodingStream(java.io.Reader)
    public final com.google.common.io.ByteSource decodingSource(com.google.common.io.CharSource)
    public abstract com.google.common.io.BaseEncoding withPadChar(char)
    public abstract com.google.common.io.BaseEncoding withSeparator(java.lang.String,int)
    public abstract com.google.common.io.BaseEncoding upperCase()
    public abstract com.google.common.io.BaseEncoding lowerCase()